{"/Users/yuancheng.yuan/workspace/demos/Es6/railFenceCipher/src/index.js":{"path":"/Users/yuancheng.yuan/workspace/demos/Es6/railFenceCipher/src/index.js","s":{"1":1,"2":5,"3":1,"4":1,"5":4,"6":4,"7":74,"8":74,"9":16661,"10":16661,"11":16661,"12":16136,"13":16136,"14":1,"15":74,"16":74,"17":829,"18":4,"19":74,"20":70,"21":525,"22":4,"23":1,"24":4,"25":1,"26":1,"27":3,"28":3,"29":29,"30":3,"31":1,"32":23,"33":1,"34":1,"35":1,"36":2,"37":2,"38":3,"39":29,"40":29,"41":3,"42":1,"43":285,"44":3,"45":282,"46":282,"47":282,"48":282,"49":15,"50":15,"51":282,"52":14,"53":282,"54":3,"55":3,"56":1},"b":{"1":[1,4],"2":[5,4],"3":[302,16359],"4":[16136,525],"5":[16661,16136],"6":[241,15895],"7":[16136,311],"8":[1,3],"9":[4,4],"10":[6,23],"11":[29,26],"12":[1,2],"13":[3,282],"14":[167,115],"15":[15,267],"16":[14,268]},"f":{"1":5,"2":74,"3":829,"4":74,"5":70,"6":525,"7":4,"8":23,"9":29,"10":285},"fnMap":{"1":{"name":"encodeRailFenceCipher","line":2,"loc":{"start":{"line":2,"column":0},"end":{"line":2,"column":52}}},"2":{"name":"uniqueSort","line":20,"loc":{"start":{"line":20,"column":2},"end":{"line":20,"column":27}}},"3":{"name":"(anonymous_3)","line":22,"loc":{"start":{"line":22,"column":20},"end":{"line":22,"column":36}}},"4":{"name":"(anonymous_4)","line":27,"loc":{"start":{"line":27,"column":22},"end":{"line":27,"column":37}}},"5":{"name":"(anonymous_5)","line":29,"loc":{"start":{"line":29,"column":12},"end":{"line":29,"column":28}}},"6":{"name":"(anonymous_6)","line":31,"loc":{"start":{"line":31,"column":9},"end":{"line":31,"column":22}}},"7":{"name":"decodeRailFenceCipher","line":37,"loc":{"start":{"line":37,"column":0},"end":{"line":37,"column":52}}},"8":{"name":"(anonymous_8)","line":53,"loc":{"start":{"line":53,"column":28},"end":{"line":53,"column":43}}},"9":{"name":"(anonymous_9)","line":66,"loc":{"start":{"line":66,"column":25},"end":{"line":66,"column":40}}},"10":{"name":"lineUp","line":73,"loc":{"start":{"line":73,"column":2},"end":{"line":73,"column":25}}}},"statementMap":{"1":{"start":{"line":2,"column":0},"end":{"line":35,"column":1}},"2":{"start":{"line":3,"column":2},"end":{"line":6,"column":3}},"3":{"start":{"line":4,"column":4},"end":{"line":4,"column":33}},"4":{"start":{"line":5,"column":4},"end":{"line":5,"column":14}},"5":{"start":{"line":7,"column":2},"end":{"line":8,"column":18}},"6":{"start":{"line":9,"column":2},"end":{"line":19,"column":3}},"7":{"start":{"line":10,"column":4},"end":{"line":10,"column":19}},"8":{"start":{"line":11,"column":4},"end":{"line":18,"column":5}},"9":{"start":{"line":12,"column":6},"end":{"line":12,"column":44}},"10":{"start":{"line":13,"column":6},"end":{"line":13,"column":45}},"11":{"start":{"line":14,"column":6},"end":{"line":17,"column":7}},"12":{"start":{"line":15,"column":8},"end":{"line":15,"column":47}},"13":{"start":{"line":16,"column":8},"end":{"line":16,"column":59}},"14":{"start":{"line":20,"column":2},"end":{"line":25,"column":3}},"15":{"start":{"line":21,"column":4},"end":{"line":21,"column":35}},"16":{"start":{"line":22,"column":4},"end":{"line":24,"column":7}},"17":{"start":{"line":23,"column":6},"end":{"line":23,"column":19}},"18":{"start":{"line":27,"column":2},"end":{"line":33,"column":14}},"19":{"start":{"line":28,"column":4},"end":{"line":28,"column":27}},"20":{"start":{"line":30,"column":4},"end":{"line":30,"column":23}},"21":{"start":{"line":32,"column":4},"end":{"line":32,"column":18}},"22":{"start":{"line":34,"column":2},"end":{"line":34,"column":16}},"23":{"start":{"line":37,"column":0},"end":{"line":92,"column":1}},"24":{"start":{"line":38,"column":2},"end":{"line":41,"column":3}},"25":{"start":{"line":39,"column":4},"end":{"line":39,"column":33}},"26":{"start":{"line":40,"column":4},"end":{"line":40,"column":14}},"27":{"start":{"line":42,"column":2},"end":{"line":48,"column":18}},"28":{"start":{"line":49,"column":2},"end":{"line":51,"column":3}},"29":{"start":{"line":50,"column":4},"end":{"line":50,"column":66}},"30":{"start":{"line":52,"column":2},"end":{"line":64,"column":3}},"31":{"start":{"line":53,"column":4},"end":{"line":55,"column":7}},"32":{"start":{"line":54,"column":6},"end":{"line":54,"column":21}},"33":{"start":{"line":56,"column":4},"end":{"line":56,"column":40}},"34":{"start":{"line":57,"column":4},"end":{"line":59,"column":5}},"35":{"start":{"line":58,"column":6},"end":{"line":58,"column":20}},"36":{"start":{"line":61,"column":4},"end":{"line":63,"column":5}},"37":{"start":{"line":62,"column":6},"end":{"line":62,"column":20}},"38":{"start":{"line":66,"column":2},"end":{"line":69,"column":5}},"39":{"start":{"line":67,"column":4},"end":{"line":67,"column":39}},"40":{"start":{"line":68,"column":4},"end":{"line":68,"column":15}},"41":{"start":{"line":70,"column":2},"end":{"line":71,"column":12}},"42":{"start":{"line":73,"column":2},"end":{"line":88,"column":3}},"43":{"start":{"line":74,"column":4},"end":{"line":76,"column":5}},"44":{"start":{"line":75,"column":6},"end":{"line":75,"column":13}},"45":{"start":{"line":77,"column":4},"end":{"line":77,"column":40}},"46":{"start":{"line":78,"column":4},"end":{"line":78,"column":8}},"47":{"start":{"line":79,"column":4},"end":{"line":79,"column":30}},"48":{"start":{"line":80,"column":4},"end":{"line":83,"column":5}},"49":{"start":{"line":81,"column":6},"end":{"line":81,"column":24}},"50":{"start":{"line":82,"column":6},"end":{"line":82,"column":20}},"51":{"start":{"line":84,"column":4},"end":{"line":86,"column":5}},"52":{"start":{"line":85,"column":6},"end":{"line":85,"column":19}},"53":{"start":{"line":87,"column":4},"end":{"line":87,"column":18}},"54":{"start":{"line":90,"column":2},"end":{"line":90,"column":15}},"55":{"start":{"line":91,"column":2},"end":{"line":91,"column":25}},"56":{"start":{"line":94,"column":0},"end":{"line":97,"column":2}}},"branchMap":{"1":{"line":3,"type":"if","locations":[{"start":{"line":3,"column":2},"end":{"line":3,"column":2}},{"start":{"line":3,"column":2},"end":{"line":3,"column":2}}]},"2":{"line":3,"type":"binary-expr","locations":[{"start":{"line":3,"column":6},"end":{"line":3,"column":13}},{"start":{"line":3,"column":17},"end":{"line":3,"column":29}}]},"3":{"line":13,"type":"cond-expr","locations":[{"start":{"line":13,"column":23},"end":{"line":13,"column":40}},{"start":{"line":13,"column":43},"end":{"line":13,"column":44}}]},"4":{"line":14,"type":"if","locations":[{"start":{"line":14,"column":6},"end":{"line":14,"column":6}},{"start":{"line":14,"column":6},"end":{"line":14,"column":6}}]},"5":{"line":14,"type":"binary-expr","locations":[{"start":{"line":14,"column":10},"end":{"line":14,"column":17}},{"start":{"line":14,"column":21},"end":{"line":14,"column":38}}]},"6":{"line":16,"type":"cond-expr","locations":[{"start":{"line":16,"column":36},"end":{"line":16,"column":54}},{"start":{"line":16,"column":57},"end":{"line":16,"column":58}}]},"7":{"line":16,"type":"binary-expr","locations":[{"start":{"line":16,"column":8},"end":{"line":16,"column":23}},{"start":{"line":16,"column":27},"end":{"line":16,"column":33}}]},"8":{"line":38,"type":"if","locations":[{"start":{"line":38,"column":2},"end":{"line":38,"column":2}},{"start":{"line":38,"column":2},"end":{"line":38,"column":2}}]},"9":{"line":38,"type":"binary-expr","locations":[{"start":{"line":38,"column":6},"end":{"line":38,"column":13}},{"start":{"line":38,"column":17},"end":{"line":38,"column":29}}]},"10":{"line":50,"type":"cond-expr","locations":[{"start":{"line":50,"column":51},"end":{"line":50,"column":54}},{"start":{"line":50,"column":57},"end":{"line":50,"column":64}}]},"11":{"line":50,"type":"binary-expr","locations":[{"start":{"line":50,"column":18},"end":{"line":50,"column":24}},{"start":{"line":50,"column":28},"end":{"line":50,"column":48}}]},"12":{"line":52,"type":"if","locations":[{"start":{"line":52,"column":2},"end":{"line":52,"column":2}},{"start":{"line":52,"column":2},"end":{"line":52,"column":2}}]},"13":{"line":74,"type":"if","locations":[{"start":{"line":74,"column":4},"end":{"line":74,"column":4}},{"start":{"line":74,"column":4},"end":{"line":74,"column":4}}]},"14":{"line":79,"type":"cond-expr","locations":[{"start":{"line":79,"column":12},"end":{"line":79,"column":19}},{"start":{"line":79,"column":22},"end":{"line":79,"column":29}}]},"15":{"line":80,"type":"if","locations":[{"start":{"line":80,"column":4},"end":{"line":80,"column":4}},{"start":{"line":80,"column":4},"end":{"line":80,"column":4}}]},"16":{"line":84,"type":"if","locations":[{"start":{"line":84,"column":4},"end":{"line":84,"column":4}},{"start":{"line":84,"column":4},"end":{"line":84,"column":4}}]}}}}