TN:
SF:/Users/yuancheng.yuan/workspace/demos/Es6/railFenceCipher/src/index.js
FN:2,encodeRailFenceCipher
FN:20,uniqueSort
FN:22,(anonymous_3)
FN:27,(anonymous_4)
FN:29,(anonymous_5)
FN:31,(anonymous_6)
FN:37,decodeRailFenceCipher
FN:53,(anonymous_8)
FN:66,(anonymous_9)
FN:73,lineUp
FNF:10
FNH:10
FNDA:5,encodeRailFenceCipher
FNDA:74,uniqueSort
FNDA:829,(anonymous_3)
FNDA:74,(anonymous_4)
FNDA:70,(anonymous_5)
FNDA:525,(anonymous_6)
FNDA:4,decodeRailFenceCipher
FNDA:23,(anonymous_8)
FNDA:29,(anonymous_9)
FNDA:285,lineUp
DA:2,1
DA:3,5
DA:4,1
DA:5,1
DA:7,4
DA:9,4
DA:10,74
DA:11,74
DA:12,16661
DA:13,16661
DA:14,16661
DA:15,16136
DA:16,16136
DA:20,1
DA:21,74
DA:22,74
DA:23,829
DA:27,4
DA:28,74
DA:30,70
DA:32,525
DA:34,4
DA:37,1
DA:38,4
DA:39,1
DA:40,1
DA:42,3
DA:49,3
DA:50,29
DA:52,3
DA:53,1
DA:54,23
DA:56,1
DA:57,1
DA:58,1
DA:61,2
DA:62,2
DA:66,3
DA:67,29
DA:68,29
DA:70,3
DA:73,1
DA:74,285
DA:75,3
DA:77,282
DA:78,282
DA:79,282
DA:80,282
DA:81,15
DA:82,15
DA:84,282
DA:85,14
DA:87,282
DA:90,3
DA:91,3
DA:94,1
LF:56
LH:56
BRDA:3,1,0,1
BRDA:3,1,1,4
BRDA:3,2,0,5
BRDA:3,2,1,4
BRDA:13,3,0,302
BRDA:13,3,1,16359
BRDA:14,4,0,16136
BRDA:14,4,1,525
BRDA:14,5,0,16661
BRDA:14,5,1,16136
BRDA:16,6,0,241
BRDA:16,6,1,15895
BRDA:16,7,0,16136
BRDA:16,7,1,311
BRDA:38,8,0,1
BRDA:38,8,1,3
BRDA:38,9,0,4
BRDA:38,9,1,4
BRDA:50,10,0,6
BRDA:50,10,1,23
BRDA:50,11,0,29
BRDA:50,11,1,26
BRDA:52,12,0,1
BRDA:52,12,1,2
BRDA:74,13,0,3
BRDA:74,13,1,282
BRDA:79,14,0,167
BRDA:79,14,1,115
BRDA:80,15,0,15
BRDA:80,15,1,267
BRDA:84,16,0,14
BRDA:84,16,1,268
BRF:32
BRH:32
end_of_record
